Release 14.7 - xst P.20131013 (nt64)
Copyright (c) 1995-2013 Xilinx, Inc.  All rights reserved.
--> Parameter TMPDIR set to xst/projnav.tmp


Total REAL time to Xst completion: 0.00 secs
Total CPU time to Xst completion: 0.14 secs
 
--> Parameter xsthdpdir set to xst


Total REAL time to Xst completion: 0.00 secs
Total CPU time to Xst completion: 0.14 secs
 
--> Reading design: shift_register.prj

TABLE OF CONTENTS
  1) Synthesis Options Summary
  2) HDL Parsing
  3) HDL Elaboration
  4) HDL Synthesis
       4.1) HDL Synthesis Report
  5) Advanced HDL Synthesis
       5.1) Advanced HDL Synthesis Report
  6) Low Level Synthesis
  7) Partition Report
  8) Design Summary
       8.1) Primitive and Black Box Usage
       8.2) Device utilization summary
       8.3) Partition Resource Summary
       8.4) Timing Report
            8.4.1) Clock Information
            8.4.2) Asynchronous Control Signals Information
            8.4.3) Timing Summary
            8.4.4) Timing Details
            8.4.5) Cross Clock Domains Report


=========================================================================
*                      Synthesis Options Summary                        *
=========================================================================
---- Source Parameters
Input File Name                    : "shift_register.prj"
Ignore Synthesis Constraint File   : NO

---- Target Parameters
Output File Name                   : "shift_register"
Output Format                      : NGC
Target Device                      : xc7a100t-3-csg324

---- Source Options
Top Module Name                    : shift_register
Automatic FSM Extraction           : YES
FSM Encoding Algorithm             : Auto
Safe Implementation                : No
FSM Style                          : LUT
RAM Extraction                     : Yes
RAM Style                          : Auto
ROM Extraction                     : Yes
Shift Register Extraction          : YES
ROM Style                          : Auto
Resource Sharing                   : YES
Asynchronous To Synchronous        : NO
Shift Register Minimum Size        : 2
Use DSP Block                      : Auto
Automatic Register Balancing       : No

---- Target Options
LUT Combining                      : Auto
Reduce Control Sets                : Auto
Add IO Buffers                     : YES
Global Maximum Fanout              : 100000
Add Generic Clock Buffer(BUFG)     : 32
Register Duplication               : YES
Optimize Instantiated Primitives   : NO
Use Clock Enable                   : Auto
Use Synchronous Set                : Auto
Use Synchronous Reset              : Auto
Pack IO Registers into IOBs        : Auto
Equivalent register Removal        : YES

---- General Options
Optimization Goal                  : Speed
Optimization Effort                : 1
Power Reduction                    : NO
Keep Hierarchy                     : No
Netlist Hierarchy                  : As_Optimized
RTL Output                         : Yes
Global Optimization                : AllClockNets
Read Cores                         : YES
Write Timing Constraints           : NO
Cross Clock Analysis               : NO
Hierarchy Separator                : /
Bus Delimiter                      : <>
Case Specifier                     : Maintain
Slice Utilization Ratio            : 100
BRAM Utilization Ratio             : 100
DSP48 Utilization Ratio            : 100
Auto BRAM Packing                  : NO
Slice Utilization Ratio Delta      : 5

=========================================================================


=========================================================================
*                          HDL Parsing                                  *
=========================================================================
Parsing VHDL file "C:\Users\brand\Documents\folder\lab4\Dff_enable_async.vhd" into library work
Parsing entity <Dff_enable_async>.
Parsing architecture <Behavioral> of entity <dff_enable_async>.
Parsing VHDL file "C:\Users\brand\Documents\folder\lab4\shift_register.vhd" into library work
Parsing entity <shift_register>.
Parsing architecture <Struct> of entity <shift_register>.
Parsing architecture <Behavioral> of entity <shift_register>.

=========================================================================
*                            HDL Elaboration                            *
=========================================================================

Elaborating entity <shift_register> (architecture <Behavioral>) with generics from library <work>.
WARNING:HDLCompiler:92 - "C:\Users\brand\Documents\folder\lab4\shift_register.vhd" Line 80: din should be on the sensitivity list of the process

=========================================================================
*                           HDL Synthesis                               *
=========================================================================

Synthesizing Unit <shift_register>.
    Related source file is "C:\Users\brand\Documents\folder\lab4\shift_register.vhd".
        N = 3
    Found 3-bit register for signal <Dout>.
WARNING:Xst:737 - Found 1-bit latch for signal <sdat<2>>. Latches may be generated from incomplete case or if statements. We do not recommend the use of latches in FPGA/CPLD designs, as they may lead to timing problems.
WARNING:Xst:737 - Found 1-bit latch for signal <sdat<1>>. Latches may be generated from incomplete case or if statements. We do not recommend the use of latches in FPGA/CPLD designs, as they may lead to timing problems.
WARNING:Xst:737 - Found 1-bit latch for signal <sdat<0>>. Latches may be generated from incomplete case or if statements. We do not recommend the use of latches in FPGA/CPLD designs, as they may lead to timing problems.
    Summary:
	inferred   3 D-type flip-flop(s).
	inferred   3 Latch(s).
Unit <shift_register> synthesized.

=========================================================================
HDL Synthesis Report

Macro Statistics
# Registers                                            : 1
 3-bit register                                        : 1
# Latches                                              : 3
 1-bit latch                                           : 3

=========================================================================

=========================================================================
*                       Advanced HDL Synthesis                          *
=========================================================================


=========================================================================
Advanced HDL Synthesis Report

Macro Statistics
# Registers                                            : 3
 Flip-Flops                                            : 3

=========================================================================

=========================================================================
*                         Low Level Synthesis                           *
=========================================================================

Optimizing unit <shift_register> ...

Mapping all equations...
Building and optimizing final netlist ...
Found area constraint ratio of 100 (+ 5) on block shift_register, actual ratio is 0.
FlipFlop sreg_2 has been replicated 1 time(s) to handle iob=true attribute.
FlipFlop sreg_1 has been replicated 1 time(s) to handle iob=true attribute.

Final Macro Processing ...

=========================================================================
Final Register Report

Macro Statistics
# Registers                                            : 5
 Flip-Flops                                            : 5

=========================================================================

=========================================================================
*                           Partition Report                            *
=========================================================================

Partition Implementation Status
-------------------------------

  No Partitions were found in this design.

-------------------------------

=========================================================================
*                            Design Summary                             *
=========================================================================

Top Level Output File Name         : shift_register.ngc

Primitive and Black Box Usage:
------------------------------
# FlipFlops/Latches                : 8
#      FDC                         : 5
#      LD                          : 3
# Clock Buffers                    : 2
#      BUFGP                       : 2
# IO Buffers                       : 5
#      IBUF                        : 2
#      OBUF                        : 3

Device utilization summary:
---------------------------

Selected Device : 7a100tcsg324-3 


Slice Logic Utilization: 
 Number of Slice Registers:               4  out of  126800     0%  

Slice Logic Distribution: 
 Number of LUT Flip Flop pairs used:      4
   Number with an unused Flip Flop:       0  out of      4     0%  
   Number with an unused LUT:             4  out of      4   100%  
   Number of fully used LUT-FF pairs:     0  out of      4     0%  
   Number of unique control sets:         2

IO Utilization: 
 Number of IOs:                           7
 Number of bonded IOBs:                   7  out of    210     3%  
    IOB Flip Flops/Latches:               4

Specific Feature Utilization:
 Number of BUFG/BUFGCTRLs:                2  out of     32     6%  

---------------------------
Partition Resource Summary:
---------------------------

  No Partitions were found in this design.

---------------------------


=========================================================================
Timing Report

NOTE: THESE TIMING NUMBERS ARE ONLY A SYNTHESIS ESTIMATE.
      FOR ACCURATE TIMING INFORMATION PLEASE REFER TO THE TRACE REPORT
      GENERATED AFTER PLACE-and-ROUTE.

Clock Information:
------------------
-----------------------------------+------------------------+-------+
Clock Signal                       | Clock buffer(FF name)  | Load  |
-----------------------------------+------------------------+-------+
Se                                 | BUFGP                  | 3     |
Clk                                | BUFGP                  | 5     |
-----------------------------------+------------------------+-------+

Asynchronous Control Signals Information:
----------------------------------------
No asynchronous control signals found in this design

Timing Summary:
---------------
Speed Grade: -3

   Minimum period: No path found
   Minimum input arrival time before clock: 0.648ns
   Maximum output required time after clock: 0.640ns
   Maximum combinational path delay: No path found

Timing Details:
---------------
All values displayed in nanoseconds (ns)

=========================================================================
Timing constraint: Default OFFSET IN BEFORE for Clock 'Se'
  Total number of paths / destination ports: 1 / 1
-------------------------------------------------------------------------
Offset:              0.280ns (Levels of Logic = 1)
  Source:            Din (PAD)
  Destination:       sdat_2 (LATCH)
  Destination Clock: Se falling

  Data Path: Din to sdat_2
                                Gate     Net
    Cell:in->out      fanout   Delay   Delay  Logical Name (Net Name)
    ----------------------------------------  ------------
     IBUF:I->O             1   0.001   0.279  Din_IBUF (Din_IBUF)
     LD:D                     -0.028          sdat_2
    ----------------------------------------
    Total                      0.280ns (0.001ns logic, 0.279ns route)
                                       (0.4% logic, 99.6% route)

=========================================================================
Timing constraint: Default OFFSET IN BEFORE for Clock 'Clk'
  Total number of paths / destination ports: 5 / 5
-------------------------------------------------------------------------
Offset:              0.648ns (Levels of Logic = 1)
  Source:            Rst (PAD)
  Destination:       sreg_0 (FF)
  Destination Clock: Clk rising

  Data Path: Rst to sreg_0
                                Gate     Net
    Cell:in->out      fanout   Delay   Delay  Logical Name (Net Name)
    ----------------------------------------  ------------
     IBUF:I->O             5   0.001   0.298  Rst_IBUF (Rst_IBUF)
     FDC:CLR                   0.349          sreg_0
    ----------------------------------------
    Total                      0.648ns (0.350ns logic, 0.298ns route)
                                       (54.0% logic, 46.0% route)

=========================================================================
Timing constraint: Default OFFSET OUT AFTER for Clock 'Clk'
  Total number of paths / destination ports: 3 / 3
-------------------------------------------------------------------------
Offset:              0.640ns (Levels of Logic = 1)
  Source:            sreg_2_1 (FF)
  Destination:       Dout<2> (PAD)
  Source Clock:      Clk rising

  Data Path: sreg_2_1 to Dout<2>
                                Gate     Net
    Cell:in->out      fanout   Delay   Delay  Logical Name (Net Name)
    ----------------------------------------  ------------
     FDC:C->Q              1   0.361   0.279  sreg_2_1 (sreg_2_1)
     OBUF:I->O                 0.000          Dout_2_OBUF (Dout<2>)
    ----------------------------------------
    Total                      0.640ns (0.361ns logic, 0.279ns route)
                                       (56.4% logic, 43.6% route)

=========================================================================

Cross Clock Domains Report:
--------------------------

Clock to Setup on destination clock Clk
---------------+---------+---------+---------+---------+
               | Src:Rise| Src:Fall| Src:Rise| Src:Fall|
Source Clock   |Dest:Rise|Dest:Rise|Dest:Fall|Dest:Fall|
---------------+---------+---------+---------+---------+
Se             |         |    0.763|         |         |
---------------+---------+---------+---------+---------+

Clock to Setup on destination clock Se
---------------+---------+---------+---------+---------+
               | Src:Rise| Src:Fall| Src:Rise| Src:Fall|
Source Clock   |Dest:Rise|Dest:Rise|Dest:Fall|Dest:Fall|
---------------+---------+---------+---------+---------+
Clk            |         |         |    0.640|         |
---------------+---------+---------+---------+---------+

=========================================================================


Total REAL time to Xst completion: 10.00 secs
Total CPU time to Xst completion: 10.24 secs
 
--> 

Total memory usage is 4654316 kilobytes

Number of errors   :    0 (   0 filtered)
Number of warnings :    4 (   0 filtered)
Number of infos    :    0 (   0 filtered)

